Drill report for sauna-controller.kicad_pcb
Created on 2026-04-30T13:42:22

Copper Layer Stackup:
    =============================================================
    L1 :  F.Cu                      front
    L2 :  B.Cu                      back


Drill file 'sauna-controller.drl' contains
    plated through holes:
    =============================================================
    T1  0.300mm  0.0118"  (32 holes))
    T2  0.305mm  0.0120"  (13 holes))
    T3  0.508mm  0.0200"  (7 holes))
    T4  0.800mm  0.0315"  (10 holes))
    T5  1.000mm  0.0394"  (41 holes))
    T6  1.300mm  0.0512"  (32 holes))

    Total plated holes count 135


Not plated through holes are merged with plated holes
    unplated through holes:
    =============================================================
    T7  3.200mm  0.1260"  (4 holes))

    Total unplated holes count 4
